<?xml version="1.0" encoding="UTF-8"?>
<testng-results ignored="0" total="1" passed="1" failed="0" skipped="0">
  <reporter-output>
  </reporter-output>
  <suite started-at="2024-12-23T15:22:35 IST" name="Default suite" finished-at="2024-12-23T15:22:35 IST" duration-ms="190">
    <groups>
    </groups>
    <test started-at="2024-12-23T15:22:35 IST" name="Default test" finished-at="2024-12-23T15:22:35 IST" duration-ms="190">
      <class name="com.mittarv.testCases.mittarvyTestCase">
        <test-method signature="loginTest()[pri:0, instance:com.mittarv.testCases.mittarvyTestCase@3c7c886c]" started-at="2024-12-23T15:22:35 IST" name="loginTest" finished-at="2024-12-23T15:22:35 IST" duration-ms="74" status="PASS">
          <reporter-output>
          </reporter-output>
        </test-method> <!-- loginTest -->
      </class> <!-- com.mittarv.testCases.mittarvyTestCase -->
    </test> <!-- Default test -->
  </suite> <!-- Default suite -->
</testng-results>
